<?xml version="1.0" encoding="utf-8" ?>
<!DOCTYPE html PUBLIC "-//W3C//DTD XHTML 1.0 Strict//EN"
        "http://www.w3.org/TR/xhtml1/DTD/xhtml1-strict.dtd">
<html xmlns="http://www.w3.org/1999/xhtml" xml:lang="" lang="">
<head>
  <title>Test Results Report - C:/Users/lizhenghua/Desktop/autotest</title>
  <meta http-equiv="Content-Type" content="text/html;charset=utf-8" />
  <meta name="description" content="TestNG unit test results." />
  <link href="reportng.css" rel="stylesheet" type="text/css" />
  <script type="text/javascript" src="reportng.js"></script>
</head>
<body>
<h1>C:/Users/lizhenghua/Desktop/autotest</h1>
<p>
  Test duration: 14.646s
</p>



  <table class="resultsTable">
    <tr><th colspan="3" class="header failed">Failed Tests</th></tr>
      <tr>
        <td colspan="3" class="group">com.lzh.autotest.test.LoginTest</td>
      </tr>

<tr>
  <td class="method">
      <span class="description" title="登录慕课网">loginSuccess</span>
  </td>
  <td class="duration">
    7.655s
  </td>
  <td class="result">
        

        

    <a href="javascript:toggleElement('exception-0', 'block')" title="Click to expand/collapse"><b>org.openqa.selenium.TimeoutException: Expected condition failed: waiting for presence of element located by: By.cssSelector: [name=&apos;emai&apos;] (tried for 5 second(s) with 500 MILLISECONDS interval)</b></a><br />
    <div class="stackTrace" id="exception-0">
        org.openqa.selenium.support.ui.WebDriverWait.timeoutException(WebDriverWait.java:80)<br />
        org.openqa.selenium.support.ui.FluentWait.until(FluentWait.java:232)<br />
        com.lzh.autotest.layout.util.SeleniumUtil.waitElementByCss(SeleniumUtil.java:119)<br />
        com.lzh.autotest.layout.business.LoginBusiness.loginSuccess(LoginBusiness.java:32)<br />
        com.lzh.autotest.test.LoginTest.loginSuccess(LoginTest.java:23)<br />
        sun.reflect.NativeMethodAccessorImpl.invoke0(Native Method)<br />
        sun.reflect.NativeMethodAccessorImpl.invoke(NativeMethodAccessorImpl.java:62)<br />
        sun.reflect.DelegatingMethodAccessorImpl.invoke(DelegatingMethodAccessorImpl.java:43)<br />
        java.lang.reflect.Method.invoke(Method.java:498)<br />
        org.testng.internal.MethodInvocationHelper.invokeMethod(MethodInvocationHelper.java:85)<br />
        org.testng.internal.Invoker.invokeMethod(Invoker.java:696)<br />
        org.testng.internal.Invoker.invokeTestMethod(Invoker.java:882)<br />
        org.testng.internal.Invoker.invokeTestMethods(Invoker.java:1189)<br />
        org.testng.internal.TestMethodWorker.invokeTestMethods(TestMethodWorker.java:124)<br />
        org.testng.internal.TestMethodWorker.run(TestMethodWorker.java:108)<br />
        org.testng.TestRunner.privateRun(TestRunner.java:767)<br />
        org.testng.TestRunner.run(TestRunner.java:617)<br />
        org.testng.SuiteRunner.runTest(SuiteRunner.java:348)<br />
        org.testng.SuiteRunner.runSequentially(SuiteRunner.java:343)<br />
        org.testng.SuiteRunner.privateRun(SuiteRunner.java:305)<br />
        org.testng.SuiteRunner.run(SuiteRunner.java:254)<br />
        org.testng.SuiteRunnerWorker.runSuite(SuiteRunnerWorker.java:52)<br />
        org.testng.SuiteRunnerWorker.run(SuiteRunnerWorker.java:86)<br />
        org.testng.TestNG.runSuitesSequentially(TestNG.java:1224)<br />
        org.testng.TestNG.runSuitesLocally(TestNG.java:1149)<br />
        org.testng.TestNG.run(TestNG.java:1057)<br />
        org.testng.IDEARemoteTestNG.run(IDEARemoteTestNG.java:72)<br />
        org.testng.RemoteTestNGStarter.main(RemoteTestNGStarter.java:123)<br />
        <b>Caused by: </b> <a href="javascript:toggleElement('exception-1', 'block')" title="Click to expand/collapse">org.openqa.selenium.NoSuchElementException: Cannot locate an element using By.cssSelector: [name=&apos;emai&apos;]<br/>
For documentation on this error, please visit: http://seleniumhq.org/exceptions/no_such_element.html<br/>
Build info: version: &apos;3.4.0&apos;, revision: &apos;unknown&apos;, time: &apos;unknown&apos;<br/>
System info: host: &apos;LIZHENGHUA-A&apos;, ip: &apos;30.39.63.196&apos;, os.name: &apos;Windows 10&apos;, os.arch: &apos;x86&apos;, os.version: &apos;10.0&apos;, java.version: &apos;1.8.0_144&apos;<br/>
Driver info: driver.version: unknown</a><br />
        <div class="stackTrace" id="exception-1">
            org.openqa.selenium.support.ui.ExpectedConditions.lambda$findElement$0(ExpectedConditions.java:883)<br />
            java.util.Optional.orElseThrow(Optional.java:290)<br />
            org.openqa.selenium.support.ui.ExpectedConditions.findElement(ExpectedConditions.java:882)<br />
            org.openqa.selenium.support.ui.ExpectedConditions.access$000(ExpectedConditions.java:44)<br />
            org.openqa.selenium.support.ui.ExpectedConditions$6.apply(ExpectedConditions.java:183)<br />
            org.openqa.selenium.support.ui.ExpectedConditions$6.apply(ExpectedConditions.java:180)<br />
            org.openqa.selenium.support.ui.FluentWait.until(FluentWait.java:209)<br />
            com.lzh.autotest.layout.util.SeleniumUtil.waitElementByCss(SeleniumUtil.java:119)<br />
            com.lzh.autotest.layout.business.LoginBusiness.loginSuccess(LoginBusiness.java:32)<br />
            com.lzh.autotest.test.LoginTest.loginSuccess(LoginTest.java:23)<br />
            sun.reflect.NativeMethodAccessorImpl.invoke0(Native Method)<br />
            sun.reflect.NativeMethodAccessorImpl.invoke(NativeMethodAccessorImpl.java:62)<br />
            sun.reflect.DelegatingMethodAccessorImpl.invoke(DelegatingMethodAccessorImpl.java:43)<br />
            java.lang.reflect.Method.invoke(Method.java:498)<br />
            org.testng.internal.MethodInvocationHelper.invokeMethod(MethodInvocationHelper.java:85)<br />
            org.testng.internal.Invoker.invokeMethod(Invoker.java:696)<br />
            org.testng.internal.Invoker.invokeTestMethod(Invoker.java:882)<br />
            org.testng.internal.Invoker.invokeTestMethods(Invoker.java:1189)<br />
            org.testng.internal.TestMethodWorker.invokeTestMethods(TestMethodWorker.java:124)<br />
            org.testng.internal.TestMethodWorker.run(TestMethodWorker.java:108)<br />
            org.testng.TestRunner.privateRun(TestRunner.java:767)<br />
            org.testng.TestRunner.run(TestRunner.java:617)<br />
            org.testng.SuiteRunner.runTest(SuiteRunner.java:348)<br />
            org.testng.SuiteRunner.runSequentially(SuiteRunner.java:343)<br />
            org.testng.SuiteRunner.privateRun(SuiteRunner.java:305)<br />
            org.testng.SuiteRunner.run(SuiteRunner.java:254)<br />
            org.testng.SuiteRunnerWorker.runSuite(SuiteRunnerWorker.java:52)<br />
            org.testng.SuiteRunnerWorker.run(SuiteRunnerWorker.java:86)<br />
            org.testng.TestNG.runSuitesSequentially(TestNG.java:1224)<br />
            org.testng.TestNG.runSuitesLocally(TestNG.java:1149)<br />
            org.testng.TestNG.run(TestNG.java:1057)<br />
            org.testng.IDEARemoteTestNG.run(IDEARemoteTestNG.java:72)<br />
            org.testng.RemoteTestNGStarter.main(RemoteTestNGStarter.java:123)<br />
        </div>
    </div>
  </td>
</tr>
  </table>


  
</body>
</html>
