<?xml version="1.0" encoding="UTF-8"?>
<testsuite name="C:/Users/lizhenghua/Desktop/autotest"
           tests="1"
           failures="1"
           errors="0"
           skipped="0"
           time="7.655">
  <properties />
      <testcase name="loginSuccess" time="7.655" classname="com.lzh.autotest.test.LoginTest">
      <failure type="org.openqa.selenium.TimeoutException"
          message="Expected condition failed: waiting for presence of element located by: By.cssSelector: [name=&apos;emai&apos;] (tried for 5 second(s) with 500 MILLISECONDS interval)"
      >
<![CDATA[org.openqa.selenium.TimeoutException: Expected condition failed: waiting for presence of element located by: By.cssSelector: [name='emai'] (tried for 5 second(s) with 500 MILLISECONDS interval)
  org.openqa.selenium.support.ui.WebDriverWait.timeoutException(WebDriverWait.java:80)
  org.openqa.selenium.support.ui.FluentWait.until(FluentWait.java:232)
  com.lzh.autotest.layout.util.SeleniumUtil.waitElementByCss(SeleniumUtil.java:119)
  com.lzh.autotest.layout.business.LoginBusiness.loginSuccess(LoginBusiness.java:32)
  com.lzh.autotest.test.LoginTest.loginSuccess(LoginTest.java:23)
  sun.reflect.NativeMethodAccessorImpl.invoke0(Native Method)
  sun.reflect.NativeMethodAccessorImpl.invoke(NativeMethodAccessorImpl.java:62)
  sun.reflect.DelegatingMethodAccessorImpl.invoke(DelegatingMethodAccessorImpl.java:43)
  java.lang.reflect.Method.invoke(Method.java:498)
  org.testng.internal.MethodInvocationHelper.invokeMethod(MethodInvocationHelper.java:85)
  org.testng.internal.Invoker.invokeMethod(Invoker.java:696)
  org.testng.internal.Invoker.invokeTestMethod(Invoker.java:882)
  org.testng.internal.Invoker.invokeTestMethods(Invoker.java:1189)
  org.testng.internal.TestMethodWorker.invokeTestMethods(TestMethodWorker.java:124)
  org.testng.internal.TestMethodWorker.run(TestMethodWorker.java:108)
  org.testng.TestRunner.privateRun(TestRunner.java:767)
  org.testng.TestRunner.run(TestRunner.java:617)
  org.testng.SuiteRunner.runTest(SuiteRunner.java:348)
  org.testng.SuiteRunner.runSequentially(SuiteRunner.java:343)
  org.testng.SuiteRunner.privateRun(SuiteRunner.java:305)
  org.testng.SuiteRunner.run(SuiteRunner.java:254)
  org.testng.SuiteRunnerWorker.runSuite(SuiteRunnerWorker.java:52)
  org.testng.SuiteRunnerWorker.run(SuiteRunnerWorker.java:86)
  org.testng.TestNG.runSuitesSequentially(TestNG.java:1224)
  org.testng.TestNG.runSuitesLocally(TestNG.java:1149)
  org.testng.TestNG.run(TestNG.java:1057)
  org.testng.IDEARemoteTestNG.run(IDEARemoteTestNG.java:72)
  org.testng.RemoteTestNGStarter.main(RemoteTestNGStarter.java:123)
Caused by: org.openqa.selenium.NoSuchElementException: Cannot locate an element using By.cssSelector: [name='emai']
For documentation on this error, please visit: http://seleniumhq.org/exceptions/no_such_element.html
Build info: version: '3.4.0', revision: 'unknown', time: 'unknown'
System info: host: 'LIZHENGHUA-A', ip: '30.39.63.196', os.name: 'Windows 10', os.arch: 'x86', os.version: '10.0', java.version: '1.8.0_144'
Driver info: driver.version: unknown
  org.openqa.selenium.support.ui.ExpectedConditions.lambda$findElement$0(ExpectedConditions.java:883)
  java.util.Optional.orElseThrow(Optional.java:290)
  org.openqa.selenium.support.ui.ExpectedConditions.findElement(ExpectedConditions.java:882)
  org.openqa.selenium.support.ui.ExpectedConditions.access$000(ExpectedConditions.java:44)
  org.openqa.selenium.support.ui.ExpectedConditions$6.apply(ExpectedConditions.java:183)
  org.openqa.selenium.support.ui.ExpectedConditions$6.apply(ExpectedConditions.java:180)
  org.openqa.selenium.support.ui.FluentWait.until(FluentWait.java:209)
  com.lzh.autotest.layout.util.SeleniumUtil.waitElementByCss(SeleniumUtil.java:119)
  com.lzh.autotest.layout.business.LoginBusiness.loginSuccess(LoginBusiness.java:32)
  com.lzh.autotest.test.LoginTest.loginSuccess(LoginTest.java:23)
  sun.reflect.NativeMethodAccessorImpl.invoke0(Native Method)
  sun.reflect.NativeMethodAccessorImpl.invoke(NativeMethodAccessorImpl.java:62)
  sun.reflect.DelegatingMethodAccessorImpl.invoke(DelegatingMethodAccessorImpl.java:43)
  java.lang.reflect.Method.invoke(Method.java:498)
  org.testng.internal.MethodInvocationHelper.invokeMethod(MethodInvocationHelper.java:85)
  org.testng.internal.Invoker.invokeMethod(Invoker.java:696)
  org.testng.internal.Invoker.invokeTestMethod(Invoker.java:882)
  org.testng.internal.Invoker.invokeTestMethods(Invoker.java:1189)
  org.testng.internal.TestMethodWorker.invokeTestMethods(TestMethodWorker.java:124)
  org.testng.internal.TestMethodWorker.run(TestMethodWorker.java:108)
  org.testng.TestRunner.privateRun(TestRunner.java:767)
  org.testng.TestRunner.run(TestRunner.java:617)
  org.testng.SuiteRunner.runTest(SuiteRunner.java:348)
  org.testng.SuiteRunner.runSequentially(SuiteRunner.java:343)
  org.testng.SuiteRunner.privateRun(SuiteRunner.java:305)
  org.testng.SuiteRunner.run(SuiteRunner.java:254)
  org.testng.SuiteRunnerWorker.runSuite(SuiteRunnerWorker.java:52)
  org.testng.SuiteRunnerWorker.run(SuiteRunnerWorker.java:86)
  org.testng.TestNG.runSuitesSequentially(TestNG.java:1224)
  org.testng.TestNG.runSuitesLocally(TestNG.java:1149)
  org.testng.TestNG.run(TestNG.java:1057)
  org.testng.IDEARemoteTestNG.run(IDEARemoteTestNG.java:72)
  org.testng.RemoteTestNGStarter.main(RemoteTestNGStarter.java:123)
]]>
      </failure>

    </testcase>



</testsuite>
